      1 aaf453
      2 aay125
      2 abl905
      2 abz555
      2 acx320
      2 ado018
      2 aei232
      2 aeo396
      1 aez171
      2 agf167
      2 agf807
      2 ahd227
      1 ahd260
      2 ahf823
      2 ahi433
      1 ahi955
      1 ahj335
      2 aju722
      2 akh247
      1 alk097
      2 amg542
      2 amj052
      2 amn534
      1 aog729
      2 aom214
      2 aop971
      1 aou239
      2 aow465
      2 apc665
      1 aqu078
      2 aqv032
      2 aqw912
      1 ark173
      2 arq131
      1 asl021
      2 asv947
      2 atc
      2 atc1
      2 auv298
      2 ava801
      2 avahi
      2 avb984
      1 avy834
      2 avz223
      2 awa794
      2 awd768
      1 axh733
      2 axj632
      2 axx033
      2 axx715
      1 axy091
      2 ayb113
      1 ayk139
      1 azg021
      2 azm371
      2 backup
      2 bas710
      2 bbp777
      2 bct105
      2 bda508
      2 bdf749
      1 bdn269
      2 bdv658
      2 bee416
      1 bei092
      2 bej579
      2 bfk017
      1 bgi872
      2 bgq406
      2 bgx822
      2 bhd445
      1 bhogan
      2 bin
      2 bio185
      2 biv526
      2 bjh112
      1 bkl740
      2 bks808
      2 bkz603
      1 blc006
      1 bld783
      2 bmo973
      2 bob2017
      2 bod981
      2 bon733
      2 boppana
      2 bow222
      2 brn395
      2 bru003
      1 bsx745
      2 btl960
      2 bur345
      1 buu638
      2 buv244
      2 bwi912
      2 bws571
      1 bxb760
      1 bxw372
      2 bylander
      2 byq851
      1 byy749
      1 bzz738
      2 caa438
      1 caj468
      2 cao241
      2 cba826
      2 cbr000
      2 ccm296
      1 cdd105
      1 cdm374
      2 cee583
      2 cfh734
      1 cgg833
      2 cig399
      2 cjl102
      2 cko441
      2 cks392
      1 ckw273
      2 classque
      2 clq415
      2 cmg294
      2 cmo911
      2 cmurphy
      2 cnn540
      2 cnu405
      1 cof152
      2 colord
      2 cou294
      2 cqb212
      2 cqo853
      2 cre023
      1 cru103
      2 cs1033
      2 cs2073
      2 cs3443
      2 cs3733a
      2 cs5513
      2 cse894
      1 csz860
      2 ctg360
      1 ctj784
      2 cux144
      1 cvt133
      2 cwe982
      2 cwk199
      1 cwx798
      1 cxk437
      2 cyg466
      2 cyr471
      2 cza267
      2 czs721
      2 daemon
      1 daj177
      2 dan574
      1 dat986
      2 dba049
      2 dbi047
      2 dbi142
      1 dbr053
      2 dcn305
      2 ddb477
      2 ddd049
      1 dde959
      2 dds891
      2 deo823
      2 dfb879
      2 dgh105
      1 dib952
      2 did326
      1 dif755
      1 diz320
      2 djb908
      2 dju401
      1 djy106
      2 dkf812
      1 dki576
      1 dky407
      2 dkz503
      1 dlp902
      2 dnsmasq
      2 dnu063
      2 doc215
      1 dpa370
      1 dpo131
      2 dqb289
      2 dqv124
      2 dqx443
      2 drj317
      2 drj962
      1 drp947
      2 drs721
      2 duq350
      2 duv321
      1 duv590
      2 dvr218
      2 dvz710
      2 dwa105
      2 dwl306
      1 dwt554
      2 dxe279
      2 dxv541
      2 dyn176
      2 dyu035
      2 dzf431
      2 dzhu
      2 dzy326
      2 eay515
      2 ecs424
      2 eds464
      1 eeo072
      2 eev899
      2 eez748
      2 eft434
      2 efv744
      2 ehf110
      2 ehj211
      2 ehn207
      2 ejx994
      2 ekc276
      2 ekh437
      1 ekj707
      2 ekp292
      2 ekx763
      2 elj354
      2 elv495
      2 emj435
      2 eny167
      1 eof443
      2 eoo321
      1 epg755
      2 epx222
      1 eqa974
      2 eqc049
      2 eqd434
      2 eqs957
      2 ert283
      1 esc456
      2 esd529
      2 esf704
      2 esv978
      2 ete727
      1 etz923
      2 euw112
      1 exi974
      2 exy549
      1 eyg338
      2 eyu473
      1 ezh767
      2 fah146
      2 fay787
      2 fbd428
      1 fce580
      2 fcv973
      1 fdh965
      2 fdo636
      1 fdr805
      2 feb634
      2 fernandez
      1 ffn480
      2 ffs800
      2 fgd806
      2 fgu365
      2 fhh539
      1 fis637
      1 fiu289
      1 fje987
      2 fjh531
      2 fjl528
      2 fjs138
      2 fls146
      2 fmj099
      2 fmk344
      2 fnv021
      2 foc727
      2 fpf533
      1 fph670
      2 fpj755
      2 fps305
      2 fqb462
      2 fqf868
      2 frg894
      1 frr944
      2 fsg383
      2 fsm141
      1 fsv212
      2 fto145
      1 fts181
      2 fup563
      2 fva001
      1 fvb192
      1 fvi267
      1 fvu254
      2 fwy641
      2 fwy843
      2 fxc787
      1 fxf845
      2 fyf659
      2 fyo023
      2 fzo811
      2 fzt278
      2 gah077
      2 gaj223
      2 gamedev
      2 games
      2 gap067
      2 gas979
      1 gbc915
      1 gbr461
      2 gbr790
      2 gbwhite
      2 gco267
      2 gdg843
      2 gdp629
      2 gdy273
      2 gel982
      1 gex401
      2 gfa068
      1 gfq474
      2 gfr995
      2 gfu101
      1 ghd099
      1 gibson
      2 gij817
      2 gjg321
      1 gjw811
      2 gkh908
      1 glp214
      1 gmb447
      2 gmb747
      2 gnats
      2 gon230
      2 gov380
      2 goz378
      2 gpq110
      1 gps797
      2 gpy161
      1 gre068
      1 grz625
      2 gsd342
      2 gsu000
      2 gsw829
      2 gtd813
      2 gtq090
      2 gvf430
      2 gvl674
      2 gvy734
      2 gxj127
      2 gxn513
      2 gxp895
      2 gyj140
      1 gzf183
      2 gzm916
      2 gzn680
      2 gzo682
      2 haa732
      2 ham915
      1 harrison
      2 haw596
      1 hcf612
      2 hcj923
      2 hea690
      2 hep483
      2 hep852
      2 hfk870
      2 hhk991
      1 hih451
      2 hjt210
      2 hkl033
      2 hlh765
      1 hlh915
      1 hlz000
      1 hma508
      2 hml267
      2 hmu981
      2 hmy597
      1 hnn727
      2 hnu087
      1 hoh207
      1 hou165
      2 hov611
      1 hpe554
      2 hplip
      2 hpv440
      2 hqc587
      2 hqe380
      2 hqg339
      2 hqm245
      2 hrx876
      2 hsg048
      1 hsi400
      2 hsp956
      2 hto735
      1 hts894
      2 hua647
      2 huh550
      2 hut049
      1 hvi604
      2 hvm851
      1 hwm008
      1 hwt460
      2 hww134
      2 hxx392
      2 hyq004
      2 ial272
      2 ial812
      2 ibw125
      2 ibw719
      2 icw212
      2 iec836
      2 ieh506
      2 iff539
      2 ifh857
      2 ifw098
      2 ign929
      2 ihq300
      2 ihu203
      2 iia151
      1 iij790
      2 ijh213
      1 iki484
      2 ikr216
      2 iks460
      2 iky188
      2 ilg531
      2 ilq911
      2 imw443
      1 inv892
      2 ion974
      2 ior298
      1 ior553
      2 iou957
      2 iph343
      2 ipo740
      1 ipp807
      1 ipu499
      2 ipy093
      2 ipy345
      2 ipz488
      2 iqc287
      2 iqi184
      2 irc
      2 iri852
      2 irn556
      2 iry020
      1 isj697
      2 isr830
      2 itp991
      2 ivd571
      1 ivp811
      2 ivq495
      2 ivt030
      2 iwr157
      2 ixn211
      1 ixn615
      2 ixq321
      2 ixs644
      2 izp727
      1 izu234
      2 jae850
      2 jbl684
      2 jbu904
      2 jbu996
      2 jcq340
      2 jcr856
      2 jcu032
      2 jcz867
      2 jda740
      2 jdw512
      1 jef113
      1 jei517
      1 jep446
      2 jfg119
      2 jfl014
      2 jfy390
      2 jgi302
      1 jgj308
      2 jgl270
      2 jgt954
      2 jhc025
      1 jhi286
      2 jip624
      2 jir292
      2 jjd665
      2 jjh088
      2 jky266
      1 jlh340
      1 jlz371
      2 jni418
      2 jof596
      2 joh531
      2 jol754
      2 jon528
      2 jortiz
      2 jox167
      2 jpl499
      2 jpp863
      2 jpq
      2 jpy640
      2 jqn693
      2 jqz831
      2 jrt917
      2 jruan
      2 jrz662
      1 js02
      1 js03
      1 js05
      1 js06
      1 js07
      1 js08
      1 js09
      1 js10
      2 js11
      1 js12
      1 js13
      1 js14
      1 js15
      1 js16
      2 js17
      1 js18
      1 js19
      1 js20
      1 js21
      1 js22
      1 js23
      1 js24
      1 js25
      1 js26
      1 js27
      1 js28
      2 js29
      2 js30
      2 js31
      2 js32
      1 js33
      2 js34
      2 js35
      2 js36
      2 js37
      2 js38
      2 js39
      1 js40
      2 js41
      2 js42
      2 js43
      2 js44
      2 js45
      2 jsherett
      1 jsr428
      2 jtp202
      2 jtq509
      1 jty839
      2 jue070
      1 jvr632
      2 jvx428
      1 jwn198
      2 jwu199
      1 jxt528
      2 jxw225
      1 jye226
      2 jyw543
      2 kbaldor
      2 kbd357
      2 kbm846
      1 kbs997
      2 kcf606
      2 kcs805
      2 kdi542
      1 kdq088
      2 kdx655
      2 kea051
      2 kec460
      2 kernoops
      1 kex174
      1 kfr703
      2 kgk363
      2 kie476
      2 kio030
      2 kjj407
      1 kjt791
      2 kkb287
      1 kkg575
      2 kku491
      2 kkx476
      2 kls288
      1 kls495
      2 kml206
      1 kmx064
      2 knl865
      1 knr393
      2 koq441
      2 korkmaz
      2 kpb418
      2 kpc541
      1 kpm261
      2 kqs375
      1 krishnan
      2 krobbins
      2 kru239
      1 ksx743
      2 ktr526
      2 kts306
      1 kua008
      2 kvf069
      2 kvn137
      1 kvr382
      1 kwg484
      1 kwl646
      2 kwu945
      2 kwy712
      2 kxa000
      1 kxg039
      2 kxo254
      2 kyh871
      1 kyn468
      1 kyw376
      1 kzl459
      2 kzy768
      1 kzz176
      2 laa814
      2 landscape
      2 law159
      2 lbx430
      2 ldt409
      2 lea470
      1 lfm673
      2 lfp128
      2 lgf893
      2 lgx798
      2 lgy513
      2 lhm067
      2 libuuid
      2 lightdm
      2 list
      1 lju665
      2 lka318
      2 lkb998
      2 lkl645
      1 llc142
      2 lmf268
      2 lmk163
      2 lmk524
      2 lmn022
      2 lmq224
      1 lmz654
      1 lok139
      2 lp
      1 lpt913
      2 lpv632
      2 lqu037
      2 lqw880
      2 lrt285
      1 lrv386
      2 lrv966
      2 lsh560
      2 lsj865
      2 lsk270
      1 ltk420
      2 lto243
      2 ltv880
      2 lup726
      1 luq997
      2 luu797
      2 lvd758
      1 lvg821
      1 lvz132
      2 lwc696
      2 lwj027
      2 lwr014
      2 lxj682
      2 lxy533
      1 lyf037
      2 lym192
      1 lze345
      2 mail
      2 man
      2 mat574
      2 maynard
      2 mba737
      2 mci538
      1 mdd828
      2 mdoderer
      2 mdr814
      2 mdt455
      2 mei863
      2 mek442
      1 men839
      2 messagebus
      2 mez018
      2 mfa116
      2 mfq426
      1 mgd473
      2 mgh190
      2 mik026
      2 miw697
      2 mjv701
      2 mkh715
      2 mki259
      2 mkp287
      2 mle875
      1 mlf094
      2 mli228
      2 mlt515
      2 mlw374
      2 mme827
      2 mne620
      2 mnv284
      1 moc621
      2 moe316
      1 mph837
      2 mpr812
      1 mqf073
      2 mqj873
      2 mqt014
      2 mqw545
      1 mri121
      2 mrm675
      2 mrobinso
      1 mso958
      1 mtr746
      2 mua077
      2 muq076
      1 muzahid
      2 mve673
      2 mwn709
      2 mwp790
      2 mww144
      1 mwy885
      2 mxf942
      2 mxl922
      1 mxr923
      2 myn562
      2 myu
      1 mza103
      2 mzp720
      1 nai500
      2 nar518
      2 ned856
      2 ner796
      2 netadmin
      2 news
      2 ney558
      2 nfg465
      1 nfi728
      1 nfl234
      2 ngc849
      1 ngi045
      1 ngq688
      2 ngy174
      1 nhj697
      1 nhm833
      2 niu
      2 nja859
      2 nkh510
      1 nkim
      2 nlq431
      1 nlw716
      1 nmn777
      2 nmp172
      1 nmx603
      1 nnb807
      2 nnj187
      2 nobody
      1 npz660
      1 nro766
      1 nslcd
      2 ntk860
      2 ntp
      2 nue338
      1 nuh179
      2 num945
      2 nux749
      2 nuy300
      2 nve814
      2 nvf232
      2 nvu913
      1 nwc206
      2 nwq225
      1 nwx265
      2 nxw010
      2 nzh400
      2 nzt280
      2 nzx561
      2 nzx844
      2 oaj425
      2 obd084
      2 oca485
      1 ocm430
      2 oco405
      2 odi859
      2 oea137
      1 oee864
      2 oeg462
      2 oek437
      2 oeo383
      1 oep224
      1 ofe058
      2 ohv984
      1 oiv035
      2 okf163
      2 okz672
      2 omu075
      2 onp955
      2 ooj459
      2 opk269
      2 opn630
      1 oqb412
      2 oqf286
      2 oqj537
      2 ore701
      2 orl518
      2 osg777
      2 otr946
      2 otw714
      1 ouq128
      1 out417
      2 ovk344
      2 owd662
      1 ows633
      1 ows898
      1 oxj468
      2 oxs383
      2 oyj723
      1 oyt334
      2 ozn719
      1 pai139
      1 pao952
      2 pbb749
      2 pbh089
      2 pcf266
      2 pci378
      2 pck247
      1 pdy051
      2 pep565
      2 pep605
      1 pfa698
      1 pfj031
      2 pfv610
      2 pgl275
      2 phf818
      1 phq605
      2 pik355
      1 pim546
      2 pjk053
      2 pjo597
      2 pjt548
      2 pkd393
      2 pke839
      2 pkj363
      2 pky904
      1 plama
      2 pmf380
      2 pmh175
      2 pmp099
      2 pnf144
      1 pnq714
      2 poi889
      2 postfix
      2 ppb700
      2 ppe380
      2 ppg583
      2 ppk295
      1 prc620
      2 prn180
      2 proxy
      2 prz719
      2 psa562
      2 pso028
      1 pss904
      2 psw609
      1 pth024
      2 puj049
      2 pulse
      1 pur489
      1 pwe746
      2 pxh304
      2 pyn109
      2 pys021
      2 pyu612
      2 pyy752
      2 pzv931
      1 qay739
      2 qbc030
      2 qbe077
      1 qco784
      2 qcy166
      2 qdv823
      2 qed252
      2 qer419
      2 qfk367
      1 qhb567
      1 qhb659
      2 qhn756
      2 qhu044
      1 qif290
      2 qitian
      2 qiw407
      1 qja551
      1 qjv007
      2 qkz764
      2 qle458
      2 qlj814
      2 qmg672
      2 qmq016
      2 qmt916
      1 qmu318
      2 qna719
      2 qnt041
      2 qnv639
      2 qog092
      2 qot590
      1 qox385
      2 qpp336
      2 qpz027
      1 qqa368
      2 qqq362
      1 qqs349
      2 qqw556
      2 qqy077
      1 qre395
      2 qrg457
      2 qro175
      2 qrw617
      2 qsn295
      2 qte044
      2 qtg729
      2 qtu977
      2 qvb859
      2 qvd939
      1 qwe633
      2 qwl123
      2 qwo781
      2 qxu742
      2 qxz631
      2 qyh075
      1 qzn876
      2 ras759
      2 rav802
      2 rbm606
      2 rboppana
      2 rcx653
      1 rdu654
      2 rdx305
      2 ree910
      1 ref678
      2 ren268
      2 rfa261
      2 rfc061
      1 rfg912
      1 rfr722
      2 rfu240
      2 rgm591
      2 rgs703
      2 rha799
      2 rid487
      2 riq955
      2 riw525
      1 rjz134
      2 rkb323
      2 rkc870
      2 rkt650
      2 rlb384
      2 rlc386
      2 rmr581
      1 rmurphy
      2 rmv388
      2 rng795
      2 rob470
      2 roberson
      2 roe534
      2 rph260
      2 rpr529
      2 rqe523
      2 rqh201
      1 rqq056
      2 rqv398
      1 rrb784
      2 rrm701
      2 rrn382
      2 rsandhu
      2 rsb352
      2 rsl468
      2 rte746
      2 rtkit
      2 rue750
      2 rvm268
      2 rvn028
      2 rwl316
      2 rxs959
      2 ryl319
      1 rze547
      2 sab270
      2 saned
      2 sas248
      1 saw701
      2 scc628
      2 sdz077
      2 seo295
      2 sfk972
      1 sfq538
      2 sfv005
      2 sgc519
      2 sgj621
      2 sgn017
      1 shb685
      2 shk245
      2 shxu
      2 sja403
      1 sjg373
      1 sjr677
      2 skk793
      2 skk956
      2 skq576
      2 slq584
      2 smf443
      2 sni550
      1 soj199
      2 spq686
      2 spv926
      1 spx956
      2 sqc074
      2 srf737
      2 srobbins
      1 srz888
      2 ssc715
      2 sshd
      1 ssi130
      2 ssp336
      2 ssq233
      2 ssr160
      2 ssr700
      2 ssv242
      2 ssx858
      2 statd
      2 stjonak
      2 stl947
      1 sub092
      1 sud458
      2 suu735
      2 svb294
      2 svc695
      2 svf633
      1 svq553
      2 swf474
      2 sxk315
      2 sxo511
      2 sym261
      2 sync
      2 sys
      2 syslog
      2 syx009
      2 szq694
      1 szw935
      2 tae015
      2 taq761
      2 tbf043
      2 tbk941
      2 tck420
      1 tck741
      1 tdd326
      2 tgw095
      2 thg650
      2 tiy272
      1 tkb442
      2 tld845
      2 tmy862
      2 tongpingliu
      2 tpp571
      1 tqd896
      1 tqs485
      1 tqy308
      2 trl332
      2 tta032
      2 ttp868
      1 ttu520
      1 ttv650
      2 tue170
      1 tut056
      2 tvs869
      2 twf198
      2 twt535
      1 txi646
      2 tyl348
      2 tzb425
      2 tzv794
      2 ubm700
      2 ubp655
      2 ubuntu
      2 uck475
      1 udg730
      2 udl846
      2 ufk345
      2 uhc261
      2 uic155
      2 uiz112
      2 uje603
      1 ukb102
      2 ulz879
      2 umd189
      2 uml-net
      2 umo850
      2 ums562
      1 uni786
      2 uns618
      2 uoj778
      2 uoo983
      1 uoz480
      2 urp856
      2 ury600
      2 usbmux
      2 usc179
      2 Username
      1 utp942
      2 utq264
      2 uucp
      1 uui003
      2 uvy448
      1 uwe880
      1 uwy390
      2 uxk491
      2 uxp695
      2 uxq505
      1 uyi362
      2 uyz655
      2 uzi454
      2 vaa291
      2 vab840
      1 vac921
      2 vbg699
      2 vbj970
      2 vbl022
      2 vcb781
      2 vcd682
      2 vcj732
      2 vde2-net
      2 vdm988
      2 vdy205
      2 veh844
      2 vfi337
      2 vic094
      2 vil203
      1 vjw191
      1 vkc553
      2 vkh790
      2 vkw609
      2 vlawhern
      2 vlr453
      1 von757
      2 vonronne
      2 voz977
      1 vql720
      2 vqv173
      2 vqx621
      2 vqx703
      2 vsf884
      2 vtt587
      2 vux564
      2 vxd973
      2 vxg529
      2 vxk940
      2 vyg037
      2 vzu944
      2 vzx840
      1 wae319
      2 wagner
      2 wam806
      2 wao398
      2 wbh343
      2 wce866
      2 wcy356
      2 wdv511
      2 wed055
      1 wek717
      2 wfb926
      2 wfp610
      2 wft480
      2 wfv249
      1 wgz594
      1 wgz940
      2 whoopsie
      1 wib317
      1 wio835
      1 wir287
      2 wjq864
      2 wju859
      2 wkk364
      2 wlm861
      2 wlr314
      2 wmd895
      2 wme269
      2 wmi593
      2 wnc992
      2 wne655
      2 wnf962
      1 wok726
      2 wom120
      2 womack
      1 wos180
      2 wpm361
      1 wpq160
      2 wqr974
      1 wsx749
      2 wta076
      2 wte615
      2 wtp173
      2 wts479
      2 wtz966
      2 wun846
      2 wvz835
      2 wwf637
      2 wwh124
      2 wwl441
      2 www-data
      2 wxb428
      2 wxf643
      2 wxi074
      1 wyg935
      2 wyh641
      1 wyl492
      2 wys925
      2 wza301
      2 wzd833
      2 wze226
      2 wzhang
      2 wzj875
      2 xas495
      2 xbu153
      2 xce212
      2 xct694
      2 xdk556
      2 xee621
      1 xek275
      1 xfd242
      2 xfg886
      2 xfz309
      2 xga367
      2 xge448
      1 xgi895
      2 xgj346
      2 xhe341
      1 xii523
      1 xjc469
      2 xjn192
      2 xjn529
      2 xki801
      1 xkl743
      2 xkm458
      2 xlz041
      1 xmp183
      2 xmz855
      2 xne693
      2 xnh794
      2 xnw230
      2 xoe270
      1 xoh078
      1 xoo873
      2 xpl451
      1 xpy797
      1 xqr084
      1 xrn665
      2 xsi212
      2 xsm962
      2 xtl620
      2 xts813
      2 xtu966
      2 xuk334
      2 xwang
      1 xwh327
      1 xwl963
      2 xww528
      2 xxc738
      2 xxi544
      2 xxy998
      2 xyg752
      1 xzc844
      2 xzd304
      2 xzh801
      1 xzk795
      1 ybt727
      2 ybu288
      1 yby805
      2 ycv517
      2 ydj005
      1 yee892
      2 yei254
      2 yhf649
      2 yhm961
      2 yiv422
      2 yjv649
      1 yjw297
      2 ykg006
      2 yks374
      1 yky605
      1 ykz029
      1 ylm213
      1 yln380
      2 ymi778
      2 ymk532
      2 ymz834
      2 yng233
      2 yof995
      2 yor775
      2 ypn603
      2 ypo392
      2 yqf724
      1 yqg982
      2 yri626
      2 yrm664
      2 yrq381
      2 ysk778
      2 ytang
      1 yti140
      1 yug210
      2 yuh277
      2 yuj954
      2 yup858
      1 yvp977
      2 ywi833
      2 yxz052
      2 yyc843
      2 yzb023
      1 yzc364
      1 yzj640
      2 yzm434
      2 yzn246
      2 zad287
      2 zad964
      2 zap994
      2 zbs516
      2 zcd896
      2 zch577
      2 zcs044
      1 zde199
      2 zdn158
      2 zdy262
      2 zfl957
      2 zfn653
      2 zfo839
      2 zfu534
      2 zfv431
      1 zhz322
      2 ziz179
      2 zjt628
      1 zki628
      2 zkk900
      1 zli781
      2 zmi177
      2 znj398
      1 znz946
      1 zoa511
      2 zph740
      2 zpk794
      2 zpp390
      2 zqk989
      2 zri912
      2 zrm836
      1 zsm005
      2 zsu177
      1 zsw997
      1 zsy086
      2 zti284
      2 ztp029
      2 zua703
      2 zvd629
      2 zvx333
      2 zwl434
      1 zwo292
      2 zwp811
      2 zws426
      2 zxn384
      2 zxz155
      2 zyy294
      1 zzm146
      2 zzn974
