Username
daemon
bin
sys
sync
games
man
lp
mail
news
uucp
proxy
www-data
backup
list
irc
gnats
nobody
libuuid
syslog
messagebus
landscape
sshd
ubuntu
statd
usbmux
avahi
lightdm
dnsmasq
ntp
colord
kernoops
pulse
whoopsie
bob2017
rtkit
saned
hplip
postfix
uml-net
vde2-net
atc
boppana
bylander
cmurphy
cs2073
jortiz
korkmaz
krobbins
maynard
mdoderer
netadmin
qitian
rboppana
shxu
srobbins
wagner
womack
wzhang
dzhu
niu
vonronne
atc1
gbwhite
jruan
rsandhu
cs1033
mrobinso
jpq
classque
gamedev
vlawhern
roberson
cs3733a
cs5513
xwang
cs3443
jsherett
tongpingliu
gdy273
qsn295
koq441
eqd434
vdy205
pbb749
qhu044
lkb998
fmj099
qfk367
eft434
rbm606
otr946
cou294
ahd227
qkz764
mek442
kls288
mfq426
did326
mpr812
rwl316
pmf380
eay515
kku491
ntk860
pjo597
ibw719
knl865
tck420
kzy768
mgh190
ppk295
fps305
ozn719
ado018
gkh908
yks374
wun846
cyg466
qro175
zcd896
vaa291
wbh343
rqe523
mba737
bgx822
jfl014
pfv610
ypo392
lym192
hua647
rsb352
joh531
vbg699
puj049
mci538
dnu063
tta032
xnw230
uvy448
sgn017
yup858
qbe077
cqb212
jfg119
laa814
nue338
foc727
abl905
cba826
dwa105
rcx653
amg542
lgy513
wjq864
bur345
yyc843
bod981
skk793
ulz879
fzo811
ivd571
jwu199
pep565
yng233
wze226
qlj814
zdn158
dju401
gsd342
xoe270
mjv701
nzx561
yxz052
rfu240
sdz077
eqc049
gco267
yhm961
yri626
fmk344
dxe279
nuy300
mme827
isr830
zad964
jni418
arq131
qiw407
cyr471
roe534
mqw545
kcs805
hqm245
yzn246
cux144
mfa116
jrt917
jxw225
jae850
yhf649
num945
nux749
yzb023
vab840
vxg529
rrn382
uje603
mki259
kgk363
fgu365
fpj755
ixs644
qmq016
ore701
xxi544
haa732
sfv005
pjk053
bas710
cwe982
vkw609
zfo839
ahf823
qcy166
dwl306
mle875
btl960
pso028
ehf110
vlr453
myu
bbp777
gzo682
mwn709
izp727
jhc025
bct105
kpc541
rid487
sym261
kvf069
ekx763
wce866
pkj363
ipz488
qqq362
lmf268
wom120
lmk524
mve673
odi859
ieh506
aay125
zfn653
qvd939
eny167
twf198
voz977
azm371
qrw617
nfg465
vfi337
xsi212
lrt285
dyn176
ehn207
opk269
rha799
wfb926
hyq004
fva001
gas979
mwp790
scc628
ffs800
pkd393
fpf533
qqy077
bhd445
thg650
wkk364
ovk344
gsw829
pzv931
gaj223
xfg886
qhn756
ihu203
zbs516
bwi912
vcd682
spq686
cnn540
dxv541
wam806
sni550
vux564
dqv124
jpy640
rav802
rkc870
fls146
fjh531
gsu000
qmg672
drj317
cig399
xhe341
gon230
biv526
tzb425
qbc030
prn180
ihq300
veh844
qpz027
zqk989
ppg583
zri912
gxp895
ziz179
xki801
otw714
jky266
hxx392
skq576
ipo740
qnt041
wzj875
kie476
nar518
ecs424
svb294
jbu996
iqi184
hpv440
pep605
ior298
cre023
wnc992
fgd806
bow222
duq350
ysk778
mdt455
xsm962
zjt628
uxq505
xzh801
uiz112
hep852
oca485
hov611
iia151
wlr314
swf474
xdk556
jqz831
fsg383
rmr581
ert283
xgj346
rqv398
mkp287
stjonak
vzu944
poi889
gap067
jjd665
kxo254
gyj140
bgq406
vbl022
yuh277
xpl451
kbaldor
fhh539
fyf659
tld845
fnv021
utq264
esf704
eqs957
ymi778
oek437
xnh794
hml267
pky904
wte615
gvl674
wza301
qvb859
law159
wju859
cse894
bks808
kwy712
qxu742
mqj873
wwh124
omu075
spv926
nvf232
rqh201
kxa000
lhm067
lxj682
epx222
xlz041
fay787
tmy862
taq761
wmd895
iph343
zws426
lea470
riq955
caa438
osg777
ilq911
lwc696
iky188
kbd357
vcb781
hep483
oqf286
lpv632
gvy734
zrm836
vsf884
tae015
pys021
xkm458
clq415
svc695
cjl102
cbr000
kpb418
gjg321
zvd629
eev899
qdv823
ztp029
ibw125
zkk900
hhk991
amj052
bio185
tvs869
wxi074
wxf643
pyy752
zfl957
gfr995
iry020
vzx840
rte746
xzd304
ney558
lxy533
oaj425
ydj005
duv321
sxo511
drs721
qmt916
eez748
qyh075
vbj970
zyy294
hqe380
ubm700
fwy843
ssq233
zph740
fbd428
ete727
gdg843
aop971
mua077
rdx305
ccm296
hjt210
twt535
pci378
bmo973
akh247
sab270
mlw374
uzi454
ion974
wwf637
hvm851
lqu037
psa562
dds891
qtu977
wpm361
dvz710
jcz867
czs721
dzy326
aju722
apc665
lsh560
kbm846
owd662
awa794
nvu913
oyj723
okf163
jgl270
jcu032
axj632
qrg457
ipy093
umo850
dyu035
vyg037
obd084
rlc386
mxl922
ned856
ssr700
jgi302
gpq110
pxh304
jbu904
qog092
nja859
ypn603
dvr218
dqb289
iec836
gzm916
bej579
rkb323
kru239
hqg339
xfz309
fjs138
ssv242
ijh213
wfv249
mik026
zzn974
ddd049
uic155
mzp720
elv495
uoo983
oco405
ial812
ejx994
jpl499
itp991
tue170
hnu087
fjl528
iri852
lvd758
qpp336
nzt280
oeg462
eyu473
stl947
kdx655
yiv422
hsp956
ivt030
xga367
fcv973
szq694
axx033
pyn109
yqf724
tgw095
jir292
nxw010
lup726
iqc287
rxs959
bda508
nwq225
bee416
wqr974
ssp336
kec460
mat574
yjv649
ssr160
fzt278
aom214
fup563
tiy272
rkt650
gel982
wfp610
shk245
riw525
vqv173
lfp128
syx009
gdp629
esd529
xtu966
gmb747
ufk345
slq584
hsg048
sja403
seo295
pgl275
mrm675
kio030
hqc587
onp955
jbl684
ayb113
pbh089
skk956
lrv966
kdi542
fwy641
zap994
fqb462
euw112
ren268
wao398
hto735
wnf962
jvx428
ngc849
nlq431
gpy161
wwl441
oeo383
ipy345
ywi833
wne655
moe316
mli228
jol754
jrz662
ree910
lbx430
ymz834
kkb287
wed055
agf807
asv947
zua703
vcj732
cks392
jfy390
aei232
jof596
ngy174
fdo636
fyo023
cza267
zti284
dkz503
cko441
gzn680
ifw098
ttp868
kyh871
imw443
rvm268
zfu534
trl332
mww144
qtg729
xne693
yof995
ubp655
auv298
urp856
gxj127
sfk972
jgt954
ixq321
wme269
muq076
bfk017
kkx476
rpr529
xas495
prz719
uyz655
bws571
hmy597
rfa261
ssc715
uhc261
hkl033
emj435
usc179
awd768
uoj778
bru003
aow465
ltv880
suu735
kjj407
cmg294
sas248
zxn384
ifh857
huh550
sqc074
doc215
ycv517
rfc061
avb984
efv744
djb908
zvx333
brn395
pck247
ekp292
rph260
avz223
nnj187
jtp202
cnu405
zwp811
xuk334
irn556
byq851
haw596
uns618
pke839
exy549
zpp390
srf737
ddb477
rrm701
psw609
ybu288
gtq090
uxk491
fqf868
lmn022
nmp172
lka318
qxz631
mqt014
jcr856
fsm141
wmi593
lsj865
mkh715
lto243
zfv431
rlb384
pmh175
eoo321
hlh765
jpp863
ehj211
bjh112
xxc738
xbu153
hea690
kml206
ktr526
qqw556
ryl319
hrx876
vdm988
jue070
jjh088
nkh510
qte044
tzv794
hut049
iou957
pmp099
mdr814
rgs703
xee621
gah077
acx320
elj354
dbi142
xww528
ldt409
eds464
vkh790
ppe380
xmz855
phf818
dbi047
lqw880
zpk794
xjn192
dan574
mez018
wtz966
sxk315
lgx798
bdf749
okz672
uck475
wta076
zcs044
dcn305
ppb700
ury600
dgh105
dkf812
rgm591
nzh400
zxz155
wyh641
xge448
vtt587
zad287
lsk270
vqx621
wlm861
oea137
jox167
aeo396
wtp173
dqx443
mne620
orl518
wft480
tbf043
ivq495
tbk941
abz555
ilg531
jda740
iff539
gbr790
yrq381
jcq340
qot590
sgc519
mxf942
pik355
agf167
wts479
opn630
zmi177
hww134
xts813
zch577
fto145
xtl620
fah146
yor775
smf443
nzx844
kts306
axx715
pcf266
uxp695
pjt548
gvf430
ixn211
zdy262
qna719
rsl468
yzm434
xjn529
ikr216
buv244
vil203
kea051
rmv388
yuj954
qle458
umd189
aqw912
wcy356
zsu177
lwr014
bon733
miw697
hfk870
cqo853
vic094
kwu945
esv978
fxc787
gfa068
aqv032
ctg360
gtd813
ial272
ava801
gij817
hmu981
oxs383
hcj923
feb634
wys925
drj962
rvn028
jon528
mlt515
lwj027
mnv284
oqj537
bdv658
dzf431
kcf606
vxd973
luu797
ssx858
kvn137
jip624
kqs375
cmo911
wdv511
lmk163
ner796
jyw543
qed252
qer419
pnf144
qwl123
vxk940
ign929
yei254
znj398
ohv984
cao241
ekh437
jqn693
deo823
ooj459
jtq509
xct694
vqx703
zwl434
svf633
gxn513
iks460
gfu101
wvz835
cfh734
amn534
dfb879
iwr157
lmq224
udl846
xyg752
wzd833
myn562
tpp571
xxy998
cwk199
tyl348
ras759
mei863
ymk532
sgj621
lgf893
xce212
ekc276
ham915
goz378
qwo781
rob470
frg894
jdw512
icw212
pyu612
nve814
bkz603
wxb428
gov380
qnv639
rue750
yrm664
ykg006
rng795
dba049
ahi433
lkl645
cee583
ums562
fernandez
ytang
js11
js17
js29
js30
js31
js32
js34
js35
js36
js37
js38
js39
js41
js42
js43
js44
js45
